21/08/26 14:31:12 WARN Utils: Your hostname, Kobis-MacBook-Pro-2.local resolves to a loopback address: 127.0.0.1; using 10.0.0.6 instead (on interface en0)
21/08/26 14:31:12 WARN Utils: Set SPARK_LOCAL_IP if you need to bind to another address
WARNING: An illegal reflective access operation has occurred
WARNING: Illegal reflective access by org.apache.spark.unsafe.Platform (file:/usr/local/Cellar/apache-spark/3.1.2/libexec/jars/spark-unsafe_2.12-3.1.2.jar) to constructor java.nio.DirectByteBuffer(long,int)
WARNING: Please consider reporting this to the maintainers of org.apache.spark.unsafe.Platform
WARNING: Use --illegal-access=warn to enable warnings of further illegal reflective access operations
WARNING: All illegal access operations will be denied in a future release
21/08/26 14:31:12 WARN NativeCodeLoader: Unable to load native-hadoop library for your platform... using builtin-java classes where applicable
Using Spark's default log4j profile: org/apache/spark/log4j-defaults.properties
21/08/26 14:31:13 INFO SparkContext: Running Spark version 3.1.2
21/08/26 14:31:13 INFO ResourceUtils: ==============================================================
21/08/26 14:31:13 INFO ResourceUtils: No custom resources configured for spark.driver.
21/08/26 14:31:13 INFO ResourceUtils: ==============================================================
21/08/26 14:31:13 INFO SparkContext: Submitted application: AutoPostSalesRep
21/08/26 14:31:13 INFO ResourceProfile: Default ResourceProfile created, executor resources: Map(cores -> name: cores, amount: 1, script: , vendor: , memory -> name: memory, amount: 1024, script: , vendor: , offHeap -> name: offHeap, amount: 0, script: , vendor: ), task resources: Map(cpus -> name: cpus, amount: 1.0)
21/08/26 14:31:13 INFO ResourceProfile: Limiting resource is cpu
21/08/26 14:31:13 INFO ResourceProfileManager: Added ResourceProfile id: 0
21/08/26 14:31:13 INFO SecurityManager: Changing view acls to: kobihancz
21/08/26 14:31:13 INFO SecurityManager: Changing modify acls to: kobihancz
21/08/26 14:31:13 INFO SecurityManager: Changing view acls groups to: 
21/08/26 14:31:13 INFO SecurityManager: Changing modify acls groups to: 
21/08/26 14:31:13 INFO SecurityManager: SecurityManager: authentication disabled; ui acls disabled; users  with view permissions: Set(kobihancz); groups with view permissions: Set(); users  with modify permissions: Set(kobihancz); groups with modify permissions: Set()
21/08/26 14:31:14 INFO Utils: Successfully started service 'sparkDriver' on port 59664.
21/08/26 14:31:14 INFO SparkEnv: Registering MapOutputTracker
21/08/26 14:31:14 INFO SparkEnv: Registering BlockManagerMaster
21/08/26 14:31:14 INFO BlockManagerMasterEndpoint: Using org.apache.spark.storage.DefaultTopologyMapper for getting topology information
21/08/26 14:31:14 INFO BlockManagerMasterEndpoint: BlockManagerMasterEndpoint up
21/08/26 14:31:14 INFO SparkEnv: Registering BlockManagerMasterHeartbeat
21/08/26 14:31:14 INFO DiskBlockManager: Created local directory at /private/var/folders/t2/5hnp4f0d75vdy7lkt4r777l40000gn/T/blockmgr-55dc61c1-edab-416b-ab86-86f808fbf429
21/08/26 14:31:14 INFO MemoryStore: MemoryStore started with capacity 434.4 MiB
21/08/26 14:31:14 INFO SparkEnv: Registering OutputCommitCoordinator
21/08/26 14:31:14 INFO Utils: Successfully started service 'SparkUI' on port 4040.
21/08/26 14:31:14 INFO SparkUI: Bound SparkUI to 0.0.0.0, and started at http://10.0.0.6:4040
21/08/26 14:31:15 INFO Executor: Starting executor ID driver on host 10.0.0.6
21/08/26 14:31:15 INFO Utils: Successfully started service 'org.apache.spark.network.netty.NettyBlockTransferService' on port 59665.
21/08/26 14:31:15 INFO NettyBlockTransferService: Server created on 10.0.0.6:59665
21/08/26 14:31:15 INFO BlockManager: Using org.apache.spark.storage.RandomBlockReplicationPolicy for block replication policy
21/08/26 14:31:15 INFO BlockManagerMaster: Registering BlockManager BlockManagerId(driver, 10.0.0.6, 59665, None)
21/08/26 14:31:15 INFO BlockManagerMasterEndpoint: Registering block manager 10.0.0.6:59665 with 434.4 MiB RAM, BlockManagerId(driver, 10.0.0.6, 59665, None)
21/08/26 14:31:15 INFO BlockManagerMaster: Registered BlockManager BlockManagerId(driver, 10.0.0.6, 59665, None)
21/08/26 14:31:15 INFO BlockManager: Initialized BlockManager: BlockManagerId(driver, 10.0.0.6, 59665, None)
21/08/26 14:31:16 INFO MemoryStore: Block broadcast_0 stored as values in memory (estimated size 175.9 KiB, free 434.2 MiB)
21/08/26 14:31:16 INFO MemoryStore: Block broadcast_0_piece0 stored as bytes in memory (estimated size 27.1 KiB, free 434.2 MiB)
21/08/26 14:31:16 INFO BlockManagerInfo: Added broadcast_0_piece0 in memory on 10.0.0.6:59665 (size: 27.1 KiB, free: 434.4 MiB)
21/08/26 14:31:16 INFO SparkContext: Created broadcast 0 from textFile at NativeMethodAccessorImpl.java:0
21/08/26 14:31:16 INFO FileInputFormat: Total input files to process : 1
21/08/26 14:31:16 INFO SparkContext: Starting job: collect at /Users/kobihancz/Downloads/Springboard_Data_Engineering/Spark_Mini-Project1/Main_Spark.py:60
21/08/26 14:31:16 INFO DAGScheduler: Registering RDD 3 (groupByKey at /Users/kobihancz/Downloads/Springboard_Data_Engineering/Spark_Mini-Project1/Main_Spark.py:45) as input to shuffle 1
21/08/26 14:31:16 INFO DAGScheduler: Registering RDD 7 (reduceByKey at /Users/kobihancz/Downloads/Springboard_Data_Engineering/Spark_Mini-Project1/Main_Spark.py:59) as input to shuffle 0
21/08/26 14:31:16 INFO DAGScheduler: Got job 0 (collect at /Users/kobihancz/Downloads/Springboard_Data_Engineering/Spark_Mini-Project1/Main_Spark.py:60) with 1 output partitions
21/08/26 14:31:16 INFO DAGScheduler: Final stage: ResultStage 2 (collect at /Users/kobihancz/Downloads/Springboard_Data_Engineering/Spark_Mini-Project1/Main_Spark.py:60)
21/08/26 14:31:16 INFO DAGScheduler: Parents of final stage: List(ShuffleMapStage 1)
21/08/26 14:31:16 INFO DAGScheduler: Missing parents: List(ShuffleMapStage 1)
21/08/26 14:31:16 INFO DAGScheduler: Submitting ShuffleMapStage 0 (PairwiseRDD[3] at groupByKey at /Users/kobihancz/Downloads/Springboard_Data_Engineering/Spark_Mini-Project1/Main_Spark.py:45), which has no missing parents
21/08/26 14:31:16 INFO MemoryStore: Block broadcast_1 stored as values in memory (estimated size 12.0 KiB, free 434.2 MiB)
21/08/26 14:31:16 INFO MemoryStore: Block broadcast_1_piece0 stored as bytes in memory (estimated size 7.3 KiB, free 434.2 MiB)
21/08/26 14:31:16 INFO BlockManagerInfo: Added broadcast_1_piece0 in memory on 10.0.0.6:59665 (size: 7.3 KiB, free: 434.4 MiB)
21/08/26 14:31:16 INFO SparkContext: Created broadcast 1 from broadcast at DAGScheduler.scala:1388
21/08/26 14:31:16 INFO DAGScheduler: Submitting 1 missing tasks from ShuffleMapStage 0 (PairwiseRDD[3] at groupByKey at /Users/kobihancz/Downloads/Springboard_Data_Engineering/Spark_Mini-Project1/Main_Spark.py:45) (first 15 tasks are for partitions Vector(0))
21/08/26 14:31:16 INFO TaskSchedulerImpl: Adding task set 0.0 with 1 tasks resource profile 0
21/08/26 14:31:16 INFO TaskSetManager: Starting task 0.0 in stage 0.0 (TID 0) (10.0.0.6, executor driver, partition 0, PROCESS_LOCAL, 4547 bytes) taskResourceAssignments Map()
21/08/26 14:31:16 INFO Executor: Running task 0.0 in stage 0.0 (TID 0)
21/08/26 14:31:16 INFO HadoopRDD: Input split: file:/Users/kobihancz/Downloads/Springboard_Data_Engineering/Spark_Mini-Project1/data.csv:0+993
/usr/local/Cellar/apache-spark/3.1.2/libexec/python/lib/pyspark.zip/pyspark/shuffle.py:60: UserWarning: Please install psutil to have better support with spilling
21/08/26 14:31:17 INFO PythonRunner: Times: total = 433, boot = 419, init = 13, finish = 1
21/08/26 14:31:17 INFO Executor: Finished task 0.0 in stage 0.0 (TID 0). 1650 bytes result sent to driver
21/08/26 14:31:17 INFO TaskSetManager: Finished task 0.0 in stage 0.0 (TID 0) in 1004 ms on 10.0.0.6 (executor driver) (1/1)
21/08/26 14:31:17 INFO TaskSchedulerImpl: Removed TaskSet 0.0, whose tasks have all completed, from pool 
21/08/26 14:31:17 INFO PythonAccumulatorV2: Connected to AccumulatorServer at host: 127.0.0.1 port: 59666
21/08/26 14:31:17 INFO DAGScheduler: ShuffleMapStage 0 (groupByKey at /Users/kobihancz/Downloads/Springboard_Data_Engineering/Spark_Mini-Project1/Main_Spark.py:45) finished in 1.127 s
21/08/26 14:31:17 INFO DAGScheduler: looking for newly runnable stages
21/08/26 14:31:17 INFO DAGScheduler: running: Set()
21/08/26 14:31:17 INFO DAGScheduler: waiting: Set(ShuffleMapStage 1, ResultStage 2)
21/08/26 14:31:17 INFO DAGScheduler: failed: Set()
21/08/26 14:31:17 INFO DAGScheduler: Submitting ShuffleMapStage 1 (PairwiseRDD[7] at reduceByKey at /Users/kobihancz/Downloads/Springboard_Data_Engineering/Spark_Mini-Project1/Main_Spark.py:59), which has no missing parents
21/08/26 14:31:17 INFO MemoryStore: Block broadcast_2 stored as values in memory (estimated size 13.4 KiB, free 434.2 MiB)
21/08/26 14:31:17 INFO MemoryStore: Block broadcast_2_piece0 stored as bytes in memory (estimated size 7.7 KiB, free 434.2 MiB)
21/08/26 14:31:17 INFO BlockManagerInfo: Added broadcast_2_piece0 in memory on 10.0.0.6:59665 (size: 7.7 KiB, free: 434.4 MiB)
21/08/26 14:31:17 INFO SparkContext: Created broadcast 2 from broadcast at DAGScheduler.scala:1388
21/08/26 14:31:17 INFO DAGScheduler: Submitting 1 missing tasks from ShuffleMapStage 1 (PairwiseRDD[7] at reduceByKey at /Users/kobihancz/Downloads/Springboard_Data_Engineering/Spark_Mini-Project1/Main_Spark.py:59) (first 15 tasks are for partitions Vector(0))
21/08/26 14:31:17 INFO TaskSchedulerImpl: Adding task set 1.0 with 1 tasks resource profile 0
21/08/26 14:31:17 INFO TaskSetManager: Starting task 0.0 in stage 1.0 (TID 1) (10.0.0.6, executor driver, partition 0, NODE_LOCAL, 4260 bytes) taskResourceAssignments Map()
21/08/26 14:31:17 INFO Executor: Running task 0.0 in stage 1.0 (TID 1)
21/08/26 14:31:17 INFO ShuffleBlockFetcherIterator: Getting 1 (304.0 B) non-empty blocks including 1 (304.0 B) local and 0 (0.0 B) host-local and 0 (0.0 B) remote blocks
21/08/26 14:31:17 INFO ShuffleBlockFetcherIterator: Started 0 remote fetches in 9 ms
21/08/26 14:31:17 INFO PythonRunner: Times: total = 13, boot = -525, init = 538, finish = 0
21/08/26 14:31:17 INFO Executor: Finished task 0.0 in stage 1.0 (TID 1). 1779 bytes result sent to driver
21/08/26 14:31:17 INFO TaskSetManager: Finished task 0.0 in stage 1.0 (TID 1) in 82 ms on 10.0.0.6 (executor driver) (1/1)
21/08/26 14:31:17 INFO TaskSchedulerImpl: Removed TaskSet 1.0, whose tasks have all completed, from pool 
21/08/26 14:31:17 INFO DAGScheduler: ShuffleMapStage 1 (reduceByKey at /Users/kobihancz/Downloads/Springboard_Data_Engineering/Spark_Mini-Project1/Main_Spark.py:59) finished in 0.094 s
21/08/26 14:31:17 INFO DAGScheduler: looking for newly runnable stages
21/08/26 14:31:17 INFO DAGScheduler: running: Set()
21/08/26 14:31:17 INFO DAGScheduler: waiting: Set(ResultStage 2)
21/08/26 14:31:17 INFO DAGScheduler: failed: Set()
21/08/26 14:31:17 INFO DAGScheduler: Submitting ResultStage 2 (PythonRDD[10] at collect at /Users/kobihancz/Downloads/Springboard_Data_Engineering/Spark_Mini-Project1/Main_Spark.py:60), which has no missing parents
21/08/26 14:31:17 INFO MemoryStore: Block broadcast_3 stored as values in memory (estimated size 8.5 KiB, free 434.2 MiB)
21/08/26 14:31:17 INFO MemoryStore: Block broadcast_3_piece0 stored as bytes in memory (estimated size 5.1 KiB, free 434.1 MiB)
21/08/26 14:31:17 INFO BlockManagerInfo: Added broadcast_3_piece0 in memory on 10.0.0.6:59665 (size: 5.1 KiB, free: 434.4 MiB)
21/08/26 14:31:17 INFO SparkContext: Created broadcast 3 from broadcast at DAGScheduler.scala:1388
21/08/26 14:31:17 INFO DAGScheduler: Submitting 1 missing tasks from ResultStage 2 (PythonRDD[10] at collect at /Users/kobihancz/Downloads/Springboard_Data_Engineering/Spark_Mini-Project1/Main_Spark.py:60) (first 15 tasks are for partitions Vector(0))
21/08/26 14:31:17 INFO TaskSchedulerImpl: Adding task set 2.0 with 1 tasks resource profile 0
21/08/26 14:31:17 INFO TaskSetManager: Starting task 0.0 in stage 2.0 (TID 2) (10.0.0.6, executor driver, partition 0, NODE_LOCAL, 4271 bytes) taskResourceAssignments Map()
21/08/26 14:31:17 INFO Executor: Running task 0.0 in stage 2.0 (TID 2)
21/08/26 14:31:17 INFO ShuffleBlockFetcherIterator: Getting 1 (129.0 B) non-empty blocks including 1 (129.0 B) local and 0 (0.0 B) host-local and 0 (0.0 B) remote blocks
21/08/26 14:31:17 INFO ShuffleBlockFetcherIterator: Started 0 remote fetches in 0 ms
21/08/26 14:31:17 INFO PythonRunner: Times: total = 2, boot = -30, init = 31, finish = 1
21/08/26 14:31:17 INFO Executor: Finished task 0.0 in stage 2.0 (TID 2). 1737 bytes result sent to driver
21/08/26 14:31:17 INFO TaskSetManager: Finished task 0.0 in stage 2.0 (TID 2) in 21 ms on 10.0.0.6 (executor driver) (1/1)
21/08/26 14:31:17 INFO TaskSchedulerImpl: Removed TaskSet 2.0, whose tasks have all completed, from pool 
21/08/26 14:31:17 INFO DAGScheduler: ResultStage 2 (collect at /Users/kobihancz/Downloads/Springboard_Data_Engineering/Spark_Mini-Project1/Main_Spark.py:60) finished in 0.030 s
21/08/26 14:31:17 INFO DAGScheduler: Job 0 is finished. Cancelling potential speculative or zombie tasks for this job
21/08/26 14:31:17 INFO TaskSchedulerImpl: Killing all running tasks in stage 2: Stage finished
21/08/26 14:31:17 INFO DAGScheduler: Job 0 finished: collect at /Users/kobihancz/Downloads/Springboard_Data_Engineering/Spark_Mini-Project1/Main_Spark.py:60, took 1.327857 s
21/08/26 14:31:17 INFO SparkContext: Starting job: collect at /Users/kobihancz/Downloads/Springboard_Data_Engineering/Spark_Mini-Project1/Main_Spark.py:63
21/08/26 14:31:17 INFO DAGScheduler: Got job 1 (collect at /Users/kobihancz/Downloads/Springboard_Data_Engineering/Spark_Mini-Project1/Main_Spark.py:63) with 1 output partitions
21/08/26 14:31:17 INFO DAGScheduler: Final stage: ResultStage 5 (collect at /Users/kobihancz/Downloads/Springboard_Data_Engineering/Spark_Mini-Project1/Main_Spark.py:63)
21/08/26 14:31:17 INFO DAGScheduler: Parents of final stage: List(ShuffleMapStage 4)
21/08/26 14:31:17 INFO DAGScheduler: Missing parents: List()
21/08/26 14:31:17 INFO DAGScheduler: Submitting ResultStage 5 (PythonRDD[10] at collect at /Users/kobihancz/Downloads/Springboard_Data_Engineering/Spark_Mini-Project1/Main_Spark.py:60), which has no missing parents
21/08/26 14:31:17 INFO MemoryStore: Block broadcast_4 stored as values in memory (estimated size 8.5 KiB, free 434.1 MiB)
21/08/26 14:31:17 INFO MemoryStore: Block broadcast_4_piece0 stored as bytes in memory (estimated size 5.1 KiB, free 434.1 MiB)
21/08/26 14:31:17 INFO BlockManagerInfo: Added broadcast_4_piece0 in memory on 10.0.0.6:59665 (size: 5.1 KiB, free: 434.3 MiB)
21/08/26 14:31:17 INFO SparkContext: Created broadcast 4 from broadcast at DAGScheduler.scala:1388
21/08/26 14:31:17 INFO DAGScheduler: Submitting 1 missing tasks from ResultStage 5 (PythonRDD[10] at collect at /Users/kobihancz/Downloads/Springboard_Data_Engineering/Spark_Mini-Project1/Main_Spark.py:60) (first 15 tasks are for partitions Vector(0))
21/08/26 14:31:17 INFO TaskSchedulerImpl: Adding task set 5.0 with 1 tasks resource profile 0
21/08/26 14:31:17 INFO TaskSetManager: Starting task 0.0 in stage 5.0 (TID 3) (10.0.0.6, executor driver, partition 0, NODE_LOCAL, 4271 bytes) taskResourceAssignments Map()
21/08/26 14:31:17 INFO Executor: Running task 0.0 in stage 5.0 (TID 3)
21/08/26 14:31:17 INFO ShuffleBlockFetcherIterator: Getting 1 (129.0 B) non-empty blocks including 1 (129.0 B) local and 0 (0.0 B) host-local and 0 (0.0 B) remote blocks
21/08/26 14:31:17 INFO ShuffleBlockFetcherIterator: Started 0 remote fetches in 0 ms
21/08/26 14:31:17 INFO PythonRunner: Times: total = 2, boot = -60, init = 62, finish = 0
21/08/26 14:31:17 INFO Executor: Finished task 0.0 in stage 5.0 (TID 3). 1737 bytes result sent to driver
21/08/26 14:31:17 INFO TaskSetManager: Finished task 0.0 in stage 5.0 (TID 3) in 19 ms on 10.0.0.6 (executor driver) (1/1)
21/08/26 14:31:17 INFO TaskSchedulerImpl: Removed TaskSet 5.0, whose tasks have all completed, from pool 
21/08/26 14:31:17 INFO DAGScheduler: ResultStage 5 (collect at /Users/kobihancz/Downloads/Springboard_Data_Engineering/Spark_Mini-Project1/Main_Spark.py:63) finished in 0.029 s
21/08/26 14:31:17 INFO DAGScheduler: Job 1 is finished. Cancelling potential speculative or zombie tasks for this job
21/08/26 14:31:17 INFO TaskSchedulerImpl: Killing all running tasks in stage 5: Stage finished
21/08/26 14:31:17 INFO DAGScheduler: Job 1 finished: collect at /Users/kobihancz/Downloads/Springboard_Data_Engineering/Spark_Mini-Project1/Main_Spark.py:63, took 0.034357 s
21/08/26 14:31:18 INFO SparkUI: Stopped Spark web UI at http://10.0.0.6:4040
21/08/26 14:31:18 INFO MapOutputTrackerMasterEndpoint: MapOutputTrackerMasterEndpoint stopped!
21/08/26 14:31:18 INFO MemoryStore: MemoryStore cleared
21/08/26 14:31:18 INFO BlockManager: BlockManager stopped
21/08/26 14:31:18 INFO BlockManagerMaster: BlockManagerMaster stopped
21/08/26 14:31:18 INFO OutputCommitCoordinator$OutputCommitCoordinatorEndpoint: OutputCommitCoordinator stopped!
21/08/26 14:31:18 INFO SparkContext: Successfully stopped SparkContext
21/08/26 14:31:19 INFO ShutdownHookManager: Shutdown hook called
21/08/26 14:31:19 INFO ShutdownHookManager: Deleting directory /private/var/folders/t2/5hnp4f0d75vdy7lkt4r777l40000gn/T/spark-379065a7-dee2-49a1-81fa-361a1286f506
21/08/26 14:31:19 INFO ShutdownHookManager: Deleting directory /private/var/folders/t2/5hnp4f0d75vdy7lkt4r777l40000gn/T/spark-379065a7-dee2-49a1-81fa-361a1286f506/pyspark-72eff573-8db9-41c7-9293-c05183d18d9e
21/08/26 14:31:19 INFO ShutdownHookManager: Deleting directory /private/var/folders/t2/5hnp4f0d75vdy7lkt4r777l40000gn/T/spark-793d45c4-3f52-486f-aa83-4b442089cdf5
